<?xml version="1.0" encoding="UTF-8"?>
<!-- Generated by org.testng.reporters.JUnitReportReporter -->
<testsuite skipped="0" hostname="localhost.localdomain" name="NewTest" tests="4" failures="0" timestamp="22 Feb 2019 10:27:56 GMT" time="0.077" errors="0">
  <testcase name="mulTest" time="0.001" classname="NewTest"/>
  <testcase name="divTest" time="0.002" classname="NewTest"/>
  <testcase name="addTest" time="0.073" classname="NewTest"/>
  <testcase name="subTest" time="0.001" classname="NewTest"/>
</testsuite> <!-- NewTest -->
